ip:localhost
spawned a ssh_worker_actor
spawned a master_actor
file open success
getc success
expected_port: 8888
publish the  master_actor at CONNECT_PORT
send start cluster message to mast_actor
send start cluster message to ssh_actors
worker : 1 host: localhost
worker : 1 host: localhost
worker : 2 host: localhost
ip:localhost
get remote actor
exit:
connection normal
step message sent
ip:localhost
get remote actor
exit:
connection normal
step message sent
heartbeat message sent
run shell script successfully!
run shell script successfully!
entering heartbeat log
id :1
entering heartbeat log
id :2
receive heartbeat from id:1 it's cpu: 0.0it's pid: 4337
receive heartbeat from master
heartbeat message sent
entering heartbeat log
id :1
entering heartbeat log
id :2
receive heartbeat from id:2 it's cpu: 0.0it's pid: 4352
receive heartbeat from master
connection normal
step message sent
connection normal
step message sent
heartbeat message sent
entering heartbeat log
id :1
entering heartbeat log
id :2
receive heartbeat from id:1 it's cpu: 33.5it's pid: 4337
receive heartbeat from master
heartbeat message sent
entering heartbeat log
id :1
entering heartbeat log
id :2
receive heartbeat from id:2 it's cpu: 33.5it's pid: 4352
receive heartbeat from master
connection normal
step message sent
connection normal
step message sent
heartbeat message sent
entering heartbeat log
id :1
entering heartbeat log
id :2
receive heartbeat from id:1 it's cpu: 32.0it's pid: 4337
heartbeat message sent
receive heartbeat from master
entering heartbeat log
id :1
entering heartbeat log
id :2
receive heartbeat from id:2 it's cpu: 32.0it's pid: 4352
receive heartbeat from master
exit loop
connection normal
step message sent
connection normal
step message sent
heartbeat message sent
entering heartbeat log
id :1
entering heartbeat log
id :2
entering heartbeat log
id :1
entering heartbeat log
id :2
heartbeat message sent
receive heartbeat from id:2 it's cpu: 32.8it's pid: 4352
receive heartbeat from id:1 it's cpu: 32.8it's pid: 4337
receive heartbeat from master
receive heartbeat from master
connection normal
step message sent
connection normal
step message sent
heartbeat message sent
heartbeat message sent
receive heartbeat from id:2 it's cpu: 32.1it's pid: 4352
entering heartbeat log
id :1
entering heartbeat log
id :2
entering heartbeat log
id :1
entering heartbeat log
id :2
receive heartbeat from id:1 it's cpu: 32.2it's pid: 4337
receive heartbeat from master
receive heartbeat from master
connection normal
step message sent
connection normal
step message sent
heartbeat message sent
heartbeat message sent
try to reconnect
reconnecting
reconnecting message sent  
received down message
connection normal
step message sent
try to reconnect
reconnecting
reconnecting message sent  
received down message
connection normal
step message sent
heartbeat message sent
heartbeat message sent
try to reconnect
reconnecting
reconnecting message sent  
try to reconnect
reconnecting
reconnecting message sent  
received down message
connection normal
step message sent
received down message
connection normal
step message sent
heartbeat message sent
heartbeat message sent
try to reconnect
reconnecting
reconnecting message sent  
received down message
connection normal
step message sent
try to reconnect
reconnecting
reconnecting message sent  
received down message
connection normal
step message sent
heartbeat message sent
heartbeat message sent
try to reconnect
reconnecting
reconnecting message sent  
received down message
connection normal
step message sent
try to reconnect
reconnecting
reconnecting message sent  
received down message
connection normal
step message sent
heartbeat message sent
heartbeat message sent
try to reconnect
reconnecting
reconnecting message sent  
received down message
connection normal
step message sent
try to reconnect
reconnecting
reconnecting message sent  
received down message
connection normal
step message sent
heartbeat message sent
heartbeat message sent
try to reconnect
reconnecting
reconnecting message sent  
received down message
connection normal
step message sent
try to reconnect
reconnecting
reconnecting message sent  
received down message
connection normal
step message sent
heartbeat message sent
heartbeat message sent
try to reconnect
reconnecting
reconnecting message sent  
received down message
connection normal
step message sent
try to reconnect
reconnecting
reconnecting message sent  
received down message
connection normal
step message sent
heartbeat message sent
heartbeat message sent
try to reconnect
reconnecting
reconnecting message sent  
received down message
connection normal
step message sent
try to reconnect
reconnecting
reconnecting message sent  
received down message
connection normal
step message sent
heartbeat message sent
heartbeat message sent
try to reconnect
reconnecting
reconnecting message sent  
received down message
connection normal
step message sent
try to reconnect
reconnecting
reconnecting message sent  
received down message
connection normal
step message sent
heartbeat message sent
heartbeat message sent
try to reconnect
reconnecting
reconnecting message sent  
received down message
connection normal
step message sent
try to reconnect
reconnecting
reconnecting message sent  
received down message
connection normal
step message sent
heartbeat message sent
heartbeat message sent
try to reconnect
reconnecting
reconnecting message sent  
received down message
connection normal
step message sent
try to reconnect
reconnecting
reconnecting message sent  
received down message
connection normal
step message sent
heartbeat message sent
heartbeat message sent
try to reconnect
reconnecting
reconnecting message sent  
received down message
connection normal
step message sent
try to reconnect
reconnecting
reconnecting message sent  
received down message
connection normal
step message sent
heartbeat message sent
heartbeat message sent
try to reconnect
reconnecting
reconnecting message sent  
received down message
connection normal
step message sent
try to reconnect
reconnecting
reconnecting message sent  
received down message
connection normal
step message sent
heartbeat message sent
heartbeat message sent
try to reconnect
reconnecting
reconnecting message sent  
received down message
connection normal
step message sent
try to reconnect
reconnecting
reconnecting message sent  
received down message
connection normal
step message sent
heartbeat message sent
heartbeat message sent
try to reconnect
reconnecting
reconnecting message sent  
received down message
connection normal
step message sent
try to reconnect
reconnecting
reconnecting message sent  
received down message
connection normal
step message sent
heartbeat message sent
heartbeat message sent
try to reconnect
reconnecting
reconnecting message sent  
received down message
connection normal
step message sent
try to reconnect
reconnecting
reconnecting message sent  
received down message
connection normal
step message sent
heartbeat message sent
heartbeat message sent
try to reconnect
reconnecting
reconnecting message sent  
received down message
connection normal
step message sent
try to reconnect
reconnecting
reconnecting message sent  
received down message
connection normal
step message sent
heartbeat message sent
heartbeat message sent
try to reconnect
reconnecting
reconnecting message sent  
received down message
connection normal
step message sent
try to reconnect
reconnecting
reconnecting message sent  
received down message
connection normal
step message sent
heartbeat message sent
heartbeat message sent
try to reconnect
reconnecting
reconnecting message sent  
received down message
connection normal
step message sent
try to reconnect
reconnecting
reconnecting message sent  
received down message
connection normal
step message sent
heartbeat message sent
heartbeat message sent
try to reconnect
reconnecting
reconnecting message sent  
received down message
connection normal
step message sent
try to reconnect
reconnecting
reconnecting message sent  
received down message
connection normal
step message sent
heartbeat message sent
heartbeat message sent
try to reconnect
reconnecting
reconnecting message sent  
received down message
connection normal
step message sent
try to reconnect
reconnecting
reconnecting message sent  
heartbeat message sent
received down message
connection normal
step message sent
heartbeat message sent
try to reconnect
reconnecting
reconnecting message sent  
received down message
connection normal
step message sent
try to reconnect
reconnecting
reconnecting message sent  
received down message
connection normal
step message sent
heartbeat message sent
heartbeat message sent
try to reconnect
reconnecting
reconnecting message sent  
received down message
connection normal
step message sent
try to reconnect
reconnecting
reconnecting message sent  
received down message
connection normal
step message sent
heartbeat message sent
heartbeat message sent
try to reconnect
reconnecting
reconnecting message sent  
received down message
connection normal
step message sent
try to reconnect
reconnecting
reconnecting message sent  
received down message
connection normal
step message sent
heartbeat message sent
heartbeat message sent
try to reconnect
reconnecting
reconnecting message sent  
received down message
connection normal
step message sent
try to reconnect
reconnecting
reconnecting message sent  
heartbeat message sent
received down message
connection normal
step message sent
heartbeat message sent
try to reconnect
reconnecting
reconnecting message sent  
received down message
connection normal
step message sent
try to reconnect
reconnecting
reconnecting message sent  
heartbeat message sent
received down message
connection normal
step message sent
heartbeat message sent
try to reconnect
reconnecting
reconnecting message sent  
received down message
connection normal
step message sent
try to reconnect
reconnecting
reconnecting message sent  
received down message
connection normal
step message sent
heartbeat message sent
heartbeat message sent
try to reconnect
reconnecting
reconnecting message sent  
received down message
connection normal
step message sent
try to reconnect
reconnecting
reconnecting message sent  
received down message
connection normal
step message sent
heartbeat message sent
heartbeat message sent
try to reconnect
reconnecting
reconnecting message sent  
received down message
connection normal
step message sent
try to reconnect
reconnecting
reconnecting message sent  
received down message
connection normal
step message sent
heartbeat message sent
heartbeat message sent
try to reconnect
reconnecting
reconnecting message sent  
received down message
connection normal
step message sent
try to reconnect
reconnecting
reconnecting message sent  
received down message
connection normal
step message sent
heartbeat message sent
heartbeat message sent
try to reconnect
reconnecting
reconnecting message sent  
received down message
connection normal
step message sent
try to reconnect
reconnecting
reconnecting message sent  
received down message
connection normal
step message sent
heartbeat message sent
heartbeat message sent
try to reconnect
reconnecting
reconnecting message sent  
received down message
connection normal
step message sent
try to reconnect
reconnecting
reconnecting message sent  
received down message
connection normal
step message sent
heartbeat message sent
heartbeat message sent
try to reconnect
reconnecting
reconnecting message sent  
received down message
connection normal
step message sent
try to reconnect
reconnecting
reconnecting message sent  
received down message
connection normal
step message sent
heartbeat message sent
heartbeat message sent
try to reconnect
reconnecting
reconnecting message sent  
received down message
connection normal
step message sent
try to reconnect
reconnecting
reconnecting message sent  
heartbeat message sent
received down message
connection normal
step message sent
heartbeat message sent
try to reconnect
reconnecting
reconnecting message sent  
received down message
connection normal
step message sent
try to reconnect
reconnecting
reconnecting message sent  
received down message
connection normal
step message sent
heartbeat message sent
heartbeat message sent
try to reconnect
reconnecting
reconnecting message sent  
received down message
connection normal
step message sent
try to reconnect
reconnecting
reconnecting message sent  
received down message
connection normal
step message sent
heartbeat message sent
heartbeat message sent
try to reconnect
reconnecting
reconnecting message sent  
received down message
connection normal
step message sent
try to reconnect
reconnecting
reconnecting message sent  
received down message
connection normal
step message sent
heartbeat message sent
heartbeat message sent
try to reconnect
reconnecting
reconnecting message sent  
received down message
connection normal
step message sent
try to reconnect
reconnecting
reconnecting message sent  
received down message
connection normal
step message sent
heartbeat message sent
heartbeat message sent
try to reconnect
reconnecting
reconnecting message sent  
received down message
connection normal
step message sent
try to reconnect
reconnecting
reconnecting message sent  
received down message
connection normal
step message sent
heartbeat message sent
heartbeat message sent
ip:localhost
spawned a ssh_worker_actor
spawned a master_actor
file open success
getc success
repairing
file open success
expected_port: 8888
publish the  master_actor at CONNECT_PORT
try to reconnect
reconnecting
reconnecting message sent  
*** connection succeeded
try to reconnect
reconnecting
reconnecting message sent  
*** connection succeeded
connection normal
step message sent
connection normal
step message sent
heartbeat message sent
entering heartbeat log
id :1
entering heartbeat log
id :2
receive heartbeat from id:2 it's cpu: 28.3it's pid: 4352
receive heartbeat from master
entering heartbeat log
id :1
entering heartbeat log
id :2
receive heartbeat from id:1 it's cpu: 28.3it's pid: 4337
heartbeat message sent
receive heartbeat from master
connection normal
step message sent
connection normal
step message sent
heartbeat message sent
entering heartbeat log
id :1
entering heartbeat log
id :2
receive heartbeat from id:2 it's cpu: 28.3it's pid: 4352
receive heartbeat from master
heartbeat message sent
receive heartbeat from id:1 it's cpu: 28.3it's pid: 4337
entering heartbeat log
id :1
entering heartbeat log
id :2
receive heartbeat from master
connection normal
step message sent
connection normal
step message sent
heartbeat message sent
entering heartbeat log
id :1
entering heartbeat log
id :2
receive heartbeat from id:2 it's cpu: 28.3it's pid: 4352
receive heartbeat from master
heartbeat message sent
receive heartbeat from id:1 it's cpu: 28.3it's pid: 4337
entering heartbeat log
id :1
entering heartbeat log
id :2
receive heartbeat from master
connection normal
step message sent
connection normal
step message sent
heartbeat message sent
entering heartbeat log
id :1
entering heartbeat log
id :2
receive heartbeat from id:2 it's cpu: 28.3it's pid: 4352
receive heartbeat from master
heartbeat message sent
entering heartbeat log
id :1
entering heartbeat log
id :2
receive heartbeat from id:1 it's cpu: 28.3it's pid: 4337
receive heartbeat from master
exit loop
worker 1 failure,try to restart it!
worker : 1 host: localhost
worker : 2 host: localhost
worker : 3 host: localhost
worker : 2 host: localhost
worker : 3 host: localhost
worker 2 failure,try to restart it!
worker : 2 host: localhost
worker : 3 host: localhost
worker : 4 host: localhost
worker : 3 host: localhost
worker : 4 host: localhost
exit loop
ip:localhost
get remote actor
exit:
ip:localhost
get remote actor
exit:
connection normal
step message sent
connection normal
step message sent
heartbeat message sent
heartbeat message sent
run shell script successfully!
run shell script successfully!
entering heartbeat log
id :3
entering heartbeat log
id :4
receive heartbeat from id:3 it's cpu: 0.0it's pid: 5083
receive heartbeat from id:4 it's cpu: 0.0it's pid: 5078
entering heartbeat log
id :3
entering heartbeat log
id :4
receive heartbeat from master
receive heartbeat from master
connection normal
step message sent
connection normal
step message sent
heartbeat message sent
entering heartbeat log
id :3
entering heartbeat log
id :4
receive heartbeat from id:3 it's cpu: 28.5it's pid: 5083
heartbeat message sent
entering heartbeat log
id :3
entering heartbeat log
id :4
receive heartbeat from master
receive heartbeat from id:4 it's cpu: 29.0it's pid: 5078
receive heartbeat from master
connection normal
step message sent
connection normal
step message sent
heartbeat message sent
heartbeat message sent
entering heartbeat log
id :3
entering heartbeat log
id :4
entering heartbeat log
id :3
entering heartbeat log
id :4
receive heartbeat from id:4 it's cpu: 28.7it's pid: 5078
receive heartbeat from id:3 it's cpu: 28.7it's pid: 5083
receive heartbeat from master
receive heartbeat from master
exit loop
connection normal
step message sent
connection normal
step message sent
heartbeat message sent
entering heartbeat log
id :3
entering heartbeat log
id :4
receive heartbeat from id:3 it's cpu: 28.6it's pid: 5083
heartbeat message sent
receive heartbeat from master
entering heartbeat log
id :3
entering heartbeat log
id :4
receive heartbeat from id:4 it's cpu: 28.6it's pid: 5078
receive heartbeat from master
connection normal
step message sent
connection normal
step message sent
heartbeat message sent
entering heartbeat log
id :3
entering heartbeat log
id :4
receive heartbeat from id:4 it's cpu: 28.5it's pid: 5078
heartbeat message sent
receive heartbeat from master
receive heartbeat from id:3 it's cpu: 28.6it's pid: 5083
entering heartbeat log
id :3
entering heartbeat log
id :4
receive heartbeat from master
connection normal
step message sent
connection normal
step message sent
heartbeat message sent
entering heartbeat log
id :3
entering heartbeat log
id :4
receive heartbeat from id:4 it's cpu: 28.5it's pid: 5078
heartbeat message sent
receive heartbeat from master
receive heartbeat from id:3 it's cpu: 28.5it's pid: 5083
entering heartbeat log
id :3
entering heartbeat log
id :4
receive heartbeat from master
exit loop
connection normal
step message sent
connection normal
step message sent
heartbeat message sent
heartbeat message sent
entering heartbeat log
id :3
entering heartbeat log
id :4
entering heartbeat log
id :3
entering heartbeat log
id :4
receive heartbeat from id:4 it's cpu: 28.5it's pid: 5078
receive heartbeat from id:3 it's cpu: 28.5it's pid: 5083
receive heartbeat from master
receive heartbeat from master
connection normal
step message sent
connection normal
step message sent
heartbeat message sent
heartbeat message sent
receive heartbeat from id:3 it's cpu: 28.5it's pid: 5083
entering heartbeat log
id :3
entering heartbeat log
id :4
entering heartbeat log
id :3
entering heartbeat log
id :4
receive heartbeat from id:4 it's cpu: 28.4it's pid: 5078
receive heartbeat from master
receive heartbeat from master
connection normal
step message sent
connection normal
step message sent
heartbeat message sent
heartbeat message sent
entering heartbeat log
id :3
entering heartbeat log
id :4
entering heartbeat log
id :3
entering heartbeat log
id :4
receive heartbeat from id:4 it's cpu: 28.4it's pid: 5078
receive heartbeat from id:3 it's cpu: 28.5it's pid: 5083
receive heartbeat from master
receive heartbeat from master
exit loop
connection normal
step message sent
connection normal
step message sent
heartbeat message sent
heartbeat message sent
receive heartbeat from id:4 it's cpu: 28.5it's pid: 5078
entering heartbeat log
id :3
entering heartbeat log
id :4
entering heartbeat log
id :3
entering heartbeat log
id :4
receive heartbeat from id:3 it's cpu: 28.5it's pid: 5083
receive heartbeat from master
receive heartbeat from master
connection normal
step message sent
connection normal
step message sent
heartbeat message sent
receive heartbeat from id:4 it's cpu: 28.5it's pid: 5078
entering heartbeat log
id :3
entering heartbeat log
id :4
receive heartbeat from master
heartbeat message sent
entering heartbeat log
id :3
entering heartbeat log
id :4
receive heartbeat from id:3 it's cpu: 28.5it's pid: 5083
receive heartbeat from master
connection normal
step message sent
connection normal
step message sent
entering heartbeat log
id :3
entering heartbeat log
id :4
receive heartbeat from id:4 it's cpu: 28.5it's pid: 5078
heartbeat message sent
receive heartbeat from master
heartbeat message sent
entering heartbeat log
id :3
entering heartbeat log
id :4
receive heartbeat from id:3 it's cpu: 28.5it's pid: 5083
receive heartbeat from master
exit loop
connection normal
step message sent
connection normal
step message sent
heartbeat message sent
entering heartbeat log
id :3
entering heartbeat log
id :4
receive heartbeat from id:4 it's cpu: 28.4it's pid: 5078
receive heartbeat from master
heartbeat message sent
entering heartbeat log
id :3
entering heartbeat log
id :4
receive heartbeat from id:3 it's cpu: 28.5it's pid: 5083
receive heartbeat from master
connection normal
step message sent
connection normal
step message sent
heartbeat message sent
entering heartbeat log
id :3
entering heartbeat log
id :4
receive heartbeat from id:4 it's cpu: 28.4it's pid: 5078
receive heartbeat from master
heartbeat message sent
receive heartbeat from id:3 it's cpu: 28.5it's pid: 5083
entering heartbeat log
id :3
entering heartbeat log
id :4
receive heartbeat from master
connection normal
step message sent
connection normal
step message sent
entering heartbeat log
id :3
entering heartbeat log
id :4
receive heartbeat from id:4 it's cpu: 28.5it's pid: 5078
heartbeat message sent
receive heartbeat from master
heartbeat message sent
entering heartbeat log
id :3
entering heartbeat log
id :4
receive heartbeat from id:3 it's cpu: 28.5it's pid: 5083
receive heartbeat from master
exit loop
connection normal
step message sent
connection normal
step message sent
heartbeat message sent
entering heartbeat log
id :3
entering heartbeat log
id :4
receive heartbeat from id:4 it's cpu: 28.4it's pid: 5078
heartbeat message sent
entering heartbeat log
id :3
entering heartbeat log
id :4
receive heartbeat from id:3 it's cpu: 28.5it's pid: 5083
receive heartbeat from master
receive heartbeat from master
connection normal
step message sent
connection normal
step message sent
heartbeat message sent
receive heartbeat from id:4 it's cpu: 28.5it's pid: 5078
entering heartbeat log
id :3
entering heartbeat log
id :4
heartbeat message sent
receive heartbeat from master
entering heartbeat log
id :3
entering heartbeat log
id :4
receive heartbeat from id:3 it's cpu: 28.5it's pid: 5083
receive heartbeat from master
connection normal
step message sent
connection normal
step message sent
heartbeat message sent
entering heartbeat log
id :3
entering heartbeat log
id :4
receive heartbeat from id:4 it's cpu: 28.4it's pid: 5078
receive heartbeat from master
heartbeat message sent
entering heartbeat log
id :3
entering heartbeat log
id :4
receive heartbeat from id:3 it's cpu: 28.4it's pid: 5083
receive heartbeat from master
exit loop
connection normal
step message sent
connection normal
step message sent
heartbeat message sent
entering heartbeat log
id :3
entering heartbeat log
id :4
receive heartbeat from id:4 it's cpu: 28.4it's pid: 5078
receive heartbeat from master
heartbeat message sent
receive heartbeat from id:3 it's cpu: 28.4it's pid: 5083
entering heartbeat log
id :3
entering heartbeat log
id :4
receive heartbeat from master
connection normal
step message sent
connection normal
step message sent
heartbeat message sent
receive heartbeat from id:4 it's cpu: 28.4it's pid: 5078
entering heartbeat log
id :3
entering heartbeat log
id :4
receive heartbeat from master
heartbeat message sent
receive heartbeat from id:3 it's cpu: 27.7it's pid: 5083
entering heartbeat log
id :3
entering heartbeat log
id :4
receive heartbeat from master
connection normal
step message sent
connection normal
step message sent
heartbeat message sent
entering heartbeat log
id :3
entering heartbeat log
id :4
receive heartbeat from id:4 it's cpu: 28.4it's pid: 5078
receive heartbeat from master
heartbeat message sent
entering heartbeat log
id :3
entering heartbeat log
id :4
receive heartbeat from id:3 it's cpu: 27.7it's pid: 5083
receive heartbeat from master
exit loop
connection normal
step message sent
connection normal
step message sent
heartbeat message sent
receive heartbeat from id:4 it's cpu: 27.7it's pid: 5078
entering heartbeat log
id :3
entering heartbeat log
id :4
receive heartbeat from master
heartbeat message sent
entering heartbeat log
id :3
entering heartbeat log
id :4
receive heartbeat from id:3 it's cpu: 27.8it's pid: 5083
receive heartbeat from master
connection normal
step message sent
connection normal
step message sent
heartbeat message sent
entering heartbeat log
id :3
entering heartbeat log
id :4
receive heartbeat from id:4 it's cpu: 27.8it's pid: 5078
receive heartbeat from master
heartbeat message sent
entering heartbeat log
id :3
entering heartbeat log
id :4
receive heartbeat from id:3 it's cpu: 27.8it's pid: 5083
receive heartbeat from master
connection normal
step message sent
connection normal
step message sent
heartbeat message sent
entering heartbeat log
id :3
entering heartbeat log
id :4
receive heartbeat from id:4 it's cpu: 27.8it's pid: 5078
entering close worker part!
worker : 3 host: localhost
receive heartbeat from master
heartbeat message sent
run shell script successfully!
entering heartbeat log
id :3
receive heartbeat from id:3 it's cpu: 27.8it's pid: 5083
receive heartbeat from master
exit loop
connection normal
step message sent
heartbeat message sent
receive heartbeat from id:3 it's cpu: 28.1it's pid: 5083
entering heartbeat log
id :3
receive heartbeat from master
connection normal
step message sent
heartbeat message sent
receive heartbeat from id:3 it's cpu: 28.6it's pid: 5083
entering heartbeat log
id :3
receive heartbeat from master
connection normal
step message sent
heartbeat message sent
entering heartbeat log
id :3
receive heartbeat from id:3 it's cpu: 29.1it's pid: 5083
receive heartbeat from master
exit loop
connection normal
step message sent
heartbeat message sent
entering heartbeat log
id :3
receive heartbeat from id:3 it's cpu: 29.6it's pid: 5083
receive heartbeat from master
connection normal
step message sent
heartbeat message sent
receive heartbeat from id:3 it's cpu: 30.1it's pid: 5083
entering heartbeat log
id :3
receive heartbeat from master
connection normal
step message sent
heartbeat message sent
receive heartbeat from id:3 it's cpu: 30.5it's pid: 5083
entering heartbeat log
id :3
receive heartbeat from master
exit loop
connection normal
step message sent
heartbeat message sent
entering heartbeat log
id :3
receive heartbeat from id:3 it's cpu: 30.9it's pid: 5083
receive heartbeat from master
connection normal
step message sent
heartbeat message sent
entering heartbeat log
id :3
receive heartbeat from id:3 it's cpu: 31.2it's pid: 5083
receive heartbeat from master
connection normal
step message sent
heartbeat message sent
receive heartbeat from id:3 it's cpu: 31.5it's pid: 5083
worker : 3 host: localhost
worker : 5 host: localhost
entering heartbeat log
id :3
entering heartbeat log
id :5
receive heartbeat from master
ip:localhost
get remote actor
exit:
connection normal
step message sent
heartbeat message sent
run shell script successfully!
entering heartbeat log
id :3
entering heartbeat log
id :5
receive heartbeat from id:5 it's cpu: 0.0it's pid: 5553
receive heartbeat from master
exit loop
connection normal
step message sent
heartbeat message sent
entering heartbeat log
id :3
entering heartbeat log
id :5
receive heartbeat from id:3 it's cpu: 31.5it's pid: 5083
receive heartbeat from master
connection normal
step message sent
heartbeat message sent
entering heartbeat log
id :3
entering heartbeat log
id :5
receive heartbeat from id:5 it's cpu: 29.5it's pid: 5553
receive heartbeat from master
connection normal
step message sent
heartbeat message sent
receive heartbeat from id:3 it's cpu: 31.4it's pid: 5083
entering heartbeat log
id :3
entering heartbeat log
id :5
receive heartbeat from master
connection normal
step message sent
heartbeat message sent
entering heartbeat log
id :3
entering heartbeat log
id :5
receive heartbeat from id:5 it's cpu: 28.5it's pid: 5553
receive heartbeat from master
connection normal
step message sent
heartbeat message sent
entering heartbeat log
id :3
entering heartbeat log
id :5
receive heartbeat from id:3 it's cpu: 31.3it's pid: 5083
receive heartbeat from master
connection normal
step message sent
heartbeat message sent
entering heartbeat log
id :3
entering heartbeat log
id :5
receive heartbeat from id:5 it's cpu: 28.5it's pid: 5553
receive heartbeat from master
exit loop
connection normal
step message sent
heartbeat message sent
receive heartbeat from id:3 it's cpu: 31.2it's pid: 5083
entering heartbeat log
id :3
entering heartbeat log
id :5
receive heartbeat from master
connection normal
step message sent
heartbeat message sent
entering heartbeat log
id :3
entering heartbeat log
id :5
receive heartbeat from id:5 it's cpu: 28.5it's pid: 5553
receive heartbeat from master
connection normal
step message sent
heartbeat message sent
receive heartbeat from id:3 it's cpu: 31.1it's pid: 5083
entering heartbeat log
id :3
entering heartbeat log
id :5
receive heartbeat from master
connection normal
step message sent
heartbeat message sent
receive heartbeat from id:5 it's cpu: 28.5it's pid: 5553
entering heartbeat log
id :3
entering heartbeat log
id :5
receive heartbeat from master
connection normal
step message sent
heartbeat message sent
entering heartbeat log
id :3
entering heartbeat log
id :5
receive heartbeat from id:3 it's cpu: 31.0it's pid: 5083
receive heartbeat from master
connection normal
step message sent
heartbeat message sent
entering heartbeat log
id :3
entering heartbeat log
id :5
receive heartbeat from id:5 it's cpu: 28.3it's pid: 5553
receive heartbeat from master
exit loop
connection normal
step message sent
heartbeat message sent
receive heartbeat from id:3 it's cpu: 31.0it's pid: 5083
entering heartbeat log
id :3
entering heartbeat log
id :5
receive heartbeat from master
connection normal
step message sent
heartbeat message sent
receive heartbeat from id:5 it's cpu: 28.3it's pid: 5553
entering heartbeat log
id :3
entering heartbeat log
id :5
receive heartbeat from master
connection normal
step message sent
heartbeat message sent
receive heartbeat from id:3 it's cpu: 30.9it's pid: 5083
entering heartbeat log
id :3
entering heartbeat log
id :5
receive heartbeat from master
connection normal
step message sent
heartbeat message sent
entering heartbeat log
id :3
entering heartbeat log
id :5
receive heartbeat from id:5 it's cpu: 28.4it's pid: 5553
receive heartbeat from master
